2013/12/26 07:11:50 [error] [exception.CException] exception 'CException' with message 'CAssetManager.basePath "/opt/lampp/htdocs/so/assets" is invalid. Please make sure the directory exists and is writable by the Web server process.' in /opt/lampp/htdocs/so/yii/framework/web/CAssetManager.php:138
Stack trace:
#0 /opt/lampp/htdocs/so/yii/framework/web/CAssetManager.php(123): CAssetManager->setBasePath('/opt/lampp/htdo...')
#1 /opt/lampp/htdocs/so/yii/framework/web/CAssetManager.php(217): CAssetManager->getBasePath()
#2 /opt/lampp/htdocs/so/yii/framework/web/CClientScript.php(510): CAssetManager->publish('/opt/lampp/htdo...')
#3 /opt/lampp/htdocs/so/yii/framework/web/CClientScript.php(547): CClientScript->getCoreScriptUrl()
#4 /opt/lampp/htdocs/so/yii/framework/web/CClientScript.php(348): CClientScript->getPackageBaseUrl('jquery')
#5 /opt/lampp/htdocs/so/yii/framework/web/CClientScript.php(208): CClientScript->renderCoreScripts()
#6 /opt/lampp/htdocs/so/yii/framework/web/CController.php(351): CClientScript->render('<!DOCTYPE html ...')
#7 /opt/lampp/htdocs/so/yii/framework/web/CController.php(788): CController->processOutput('<!DOCTYPE html ...')
#8 /opt/lampp/htdocs/so/protected/controllers/SiteController.php(72): CController->render('contact', Array)
#9 /opt/lampp/htdocs/so/yii/framework/web/actions/CInlineAction.php(49): SiteController->actionContact()
#10 /opt/lampp/htdocs/so/yii/framework/web/CController.php(308): CInlineAction->runWithParams(Array)
#11 /opt/lampp/htdocs/so/yii/framework/web/CController.php(286): CController->runAction(Object(CInlineAction))
#12 /opt/lampp/htdocs/so/yii/framework/web/CController.php(265): CController->runActionWithFilters(Object(CInlineAction), Array)
#13 /opt/lampp/htdocs/so/yii/framework/web/CWebApplication.php(282): CController->run('contact')
#14 /opt/lampp/htdocs/so/yii/framework/web/CWebApplication.php(141): CWebApplication->runController('site/contact')
#15 /opt/lampp/htdocs/so/yii/framework/base/CApplication.php(180): CWebApplication->processRequest()
#16 /opt/lampp/htdocs/so/index.php(13): CApplication->run()
#17 {main}
REQUEST_URI=/so/index.php?r=site/contact
HTTP_REFERER=http://localhost/so/index.php?r=site/page&view=about
---
2013/12/26 08:19:20 [error] [exception.CHttpException.404] exception 'CHttpException' with message 'Unable to resolve the request "gi".' in /opt/lampp/htdocs/so/yii/framework/web/CWebApplication.php:286
Stack trace:
#0 /opt/lampp/htdocs/so/yii/framework/web/CWebApplication.php(141): CWebApplication->runController('gi')
#1 /opt/lampp/htdocs/so/yii/framework/base/CApplication.php(180): CWebApplication->processRequest()
#2 /opt/lampp/htdocs/so/index.php(13): CApplication->run()
#3 {main}
REQUEST_URI=/so/index.php?r=gi
---
2013/12/26 08:22:56 [error] [exception.CHttpException.403] exception 'CHttpException' with message 'You are not authorized to perform this action.' in /opt/lampp/htdocs/so/yii/framework/web/auth/CAccessControlFilter.php:182
Stack trace:
#0 /opt/lampp/htdocs/so/yii/framework/web/auth/CAccessControlFilter.php(145): CAccessControlFilter->accessDenied(Object(CWebUser), 'You are not aut...')
#1 /opt/lampp/htdocs/so/yii/framework/web/filters/CFilter.php(38): CAccessControlFilter->preFilter(Object(CFilterChain))
#2 /opt/lampp/htdocs/so/yii/framework/web/CController.php(1145): CFilter->filter(Object(CFilterChain))
#3 /opt/lampp/htdocs/so/yii/framework/web/filters/CInlineFilter.php(58): CController->filterAccessControl(Object(CFilterChain))
#4 /opt/lampp/htdocs/so/yii/framework/web/filters/CFilterChain.php(130): CInlineFilter->filter(Object(CFilterChain))
#5 /opt/lampp/htdocs/so/yii/framework/web/CController.php(291): CFilterChain->run()
#6 /opt/lampp/htdocs/so/yii/framework/web/CController.php(265): CController->runActionWithFilters(Object(CInlineAction), Array)
#7 /opt/lampp/htdocs/so/yii/framework/web/CWebApplication.php(282): CController->run('admin')
#8 /opt/lampp/htdocs/so/yii/framework/web/CWebApplication.php(141): CWebApplication->runController('user/admin')
#9 /opt/lampp/htdocs/so/yii/framework/base/CApplication.php(180): CWebApplication->processRequest()
#10 /opt/lampp/htdocs/so/index.php(13): CApplication->run()
#11 {main}
REQUEST_URI=/so/index.php?r=user/admin
HTTP_REFERER=http://localhost/so/index.php?r=user/index
---
2013/12/26 08:23:04 [error] [exception.CHttpException.403] exception 'CHttpException' with message 'You are not authorized to perform this action.' in /opt/lampp/htdocs/so/yii/framework/web/auth/CAccessControlFilter.php:182
Stack trace:
#0 /opt/lampp/htdocs/so/yii/framework/web/auth/CAccessControlFilter.php(145): CAccessControlFilter->accessDenied(Object(CWebUser), 'You are not aut...')
#1 /opt/lampp/htdocs/so/yii/framework/web/filters/CFilter.php(38): CAccessControlFilter->preFilter(Object(CFilterChain))
#2 /opt/lampp/htdocs/so/yii/framework/web/CController.php(1145): CFilter->filter(Object(CFilterChain))
#3 /opt/lampp/htdocs/so/yii/framework/web/filters/CInlineFilter.php(58): CController->filterAccessControl(Object(CFilterChain))
#4 /opt/lampp/htdocs/so/yii/framework/web/filters/CFilterChain.php(130): CInlineFilter->filter(Object(CFilterChain))
#5 /opt/lampp/htdocs/so/yii/framework/web/CController.php(291): CFilterChain->run()
#6 /opt/lampp/htdocs/so/yii/framework/web/CController.php(265): CController->runActionWithFilters(Object(CInlineAction), Array)
#7 /opt/lampp/htdocs/so/yii/framework/web/CWebApplication.php(282): CController->run('delete')
#8 /opt/lampp/htdocs/so/yii/framework/web/CWebApplication.php(141): CWebApplication->runController('user/delete')
#9 /opt/lampp/htdocs/so/yii/framework/base/CApplication.php(180): CWebApplication->processRequest()
#10 /opt/lampp/htdocs/so/index.php(13): CApplication->run()
#11 {main}
REQUEST_URI=/so/index.php?r=user/delete&id=4
HTTP_REFERER=http://localhost/so/index.php?r=user/view&id=4
---
2013/12/26 08:33:06 [error] [exception.CHttpException.403] exception 'CHttpException' with message 'You are not authorized to perform this action.' in /opt/lampp/htdocs/so/yii/framework/web/auth/CAccessControlFilter.php:182
Stack trace:
#0 /opt/lampp/htdocs/so/yii/framework/web/auth/CAccessControlFilter.php(145): CAccessControlFilter->accessDenied(Object(CWebUser), 'You are not aut...')
#1 /opt/lampp/htdocs/so/yii/framework/web/filters/CFilter.php(38): CAccessControlFilter->preFilter(Object(CFilterChain))
#2 /opt/lampp/htdocs/so/yii/framework/web/CController.php(1145): CFilter->filter(Object(CFilterChain))
#3 /opt/lampp/htdocs/so/yii/framework/web/filters/CInlineFilter.php(58): CController->filterAccessControl(Object(CFilterChain))
#4 /opt/lampp/htdocs/so/yii/framework/web/filters/CFilterChain.php(130): CInlineFilter->filter(Object(CFilterChain))
#5 /opt/lampp/htdocs/so/yii/framework/web/CController.php(291): CFilterChain->run()
#6 /opt/lampp/htdocs/so/yii/framework/web/CController.php(265): CController->runActionWithFilters(Object(CInlineAction), Array)
#7 /opt/lampp/htdocs/so/yii/framework/web/CWebApplication.php(282): CController->run('delete')
#8 /opt/lampp/htdocs/so/yii/framework/web/CWebApplication.php(141): CWebApplication->runController('user/delete')
#9 /opt/lampp/htdocs/so/yii/framework/base/CApplication.php(180): CWebApplication->processRequest()
#10 /opt/lampp/htdocs/so/index.php(13): CApplication->run()
#11 {main}
REQUEST_URI=/so/index.php?r=user/delete&id=1
HTTP_REFERER=http://localhost/so/index.php?r=user/view&id=1
---
